<?xml version="1.0" encoding="UTF-8"?>
<robot generator="Robot 3.1.1 (Python 3.6.5 on win32)" generated="20190331 16:46:09.102" rpa="false">
<suite id="s1" name="Suite01 Header" source="C:\Users\ChenBolin\Desktop\RF\NewWood_RF\Suite01_Header.robot">
<test id="s1-t1" name="file_open_filelist">
<kw name="open_bs" library="wood_resource" type="setup">
<kw name="Open Browser" library="Selenium2Library">
<doc>Opens a new browser instance to the given ``url``.</doc>
<arguments>
<arg>${wood_URL}</arg>
<arg>${test_browser}</arg>
</arguments>
<msg timestamp="20190331 16:46:09.321" level="INFO">Opening browser 'chrome' to base url 'https://wood.codemao.cn/'.</msg>
<status status="PASS" starttime="20190331 16:46:09.321" endtime="20190331 16:46:12.475"></status>
</kw>
<kw name="Maximize Browser Window" library="Selenium2Library">
<doc>Maximizes current browser window.</doc>
<status status="PASS" starttime="20190331 16:46:12.475" endtime="20190331 16:46:13.617"></status>
</kw>
<kw name="Set Selenium Speed" library="Selenium2Library">
<doc>Sets the delay that is waited after each Selenium command.</doc>
<arguments>
<arg>.6 seconds</arg>
</arguments>
<status status="PASS" starttime="20190331 16:46:13.617" endtime="20190331 16:46:13.618"></status>
</kw>
<kw name="Set Browser Implicit Wait" library="Selenium2Library">
<doc>Sets the implicit wait value used by Selenium.</doc>
<arguments>
<arg>10 seconds</arg>
</arguments>
<status status="PASS" starttime="20190331 16:46:13.618" endtime="20190331 16:46:14.220"></status>
</kw>
<kw name="Sleep" library="BuiltIn">
<doc>Pauses the test executed for the given time.</doc>
<arguments>
<arg>3</arg>
</arguments>
<msg timestamp="20190331 16:46:17.223" level="INFO">Slept 3 seconds</msg>
<status status="PASS" starttime="20190331 16:46:14.221" endtime="20190331 16:46:17.224"></status>
</kw>
<status status="PASS" starttime="20190331 16:46:09.321" endtime="20190331 16:46:17.224"></status>
</kw>
<kw name="Click Element" library="Selenium2Library">
<doc>Click element identified by ``locator``.</doc>
<arguments>
<arg>${tgzy_跳过指引}</arg>
</arguments>
<msg timestamp="20190331 16:46:17.226" level="INFO">Clicking element 'xpath=//*[@id="root"]/div/div[3]/div[2]/div[5]'.</msg>
<status status="PASS" starttime="20190331 16:46:17.226" endtime="20190331 16:46:18.556"></status>
</kw>
<kw name="Mouse Over" library="Selenium2Library">
<doc>Simulates hovering mouse over the element ``locator``.</doc>
<arguments>
<arg>${wood_文件}</arg>
</arguments>
<msg timestamp="20190331 16:46:18.556" level="INFO">Simulating Mouse Over on element 'xpath=//*[@id="root"]//div[@style='padding-right: 0px;']'.</msg>
<status status="PASS" starttime="20190331 16:46:18.556" endtime="20190331 16:46:19.778"></status>
</kw>
<kw name="Click Element" library="Selenium2Library">
<doc>Click element identified by ``locator``.</doc>
<arguments>
<arg>${wood_文件_打开}</arg>
</arguments>
<msg timestamp="20190331 16:46:19.778" level="INFO">Clicking element 'xpath=//div[text()='打开']'.</msg>
<status status="PASS" starttime="20190331 16:46:19.778" endtime="20190331 16:46:21.029"></status>
</kw>
<kw name="Sleep" library="BuiltIn">
<doc>Pauses the test executed for the given time.</doc>
<arguments>
<arg>1</arg>
</arguments>
<msg timestamp="20190331 16:46:22.030" level="INFO">Slept 1 second</msg>
<status status="PASS" starttime="20190331 16:46:21.030" endtime="20190331 16:46:22.031"></status>
</kw>
<kw name="Input Text" library="Selenium2Library">
<doc>Types the given ``text`` into text field identified by ``locator``.</doc>
<arguments>
<arg>${wood_01用户名}</arg>
<arg>${wood_username}</arg>
</arguments>
<msg timestamp="20190331 16:46:22.033" level="INFO">Typing text '18682236985' into text field 'xpath=//*[@id="root"]//input[@placeholder='用户名' ]'.</msg>
<status status="PASS" starttime="20190331 16:46:22.032" endtime="20190331 16:46:24.080"></status>
</kw>
<kw name="Input Text" library="Selenium2Library">
<doc>Types the given ``text`` into text field identified by ``locator``.</doc>
<arguments>
<arg>${wood_01密码}</arg>
<arg>${wood_password}</arg>
</arguments>
<msg timestamp="20190331 16:46:24.082" level="INFO">Typing text '123456' into text field 'xpath=//*[@id="root"]//input[@placeholder='密码' ]'.</msg>
<status status="PASS" starttime="20190331 16:46:24.081" endtime="20190331 16:46:26.073"></status>
</kw>
<kw name="Click Element" library="Selenium2Library">
<doc>Click element identified by ``locator``.</doc>
<arguments>
<arg>${wood_01登录按钮}</arg>
</arguments>
<msg timestamp="20190331 16:46:26.075" level="INFO">Clicking element 'css=.asset-style__button__2KCHg.asset-style__base_button__2gZAA.asset-style__orange__1XF9N'.</msg>
<status status="PASS" starttime="20190331 16:46:26.074" endtime="20190331 16:46:27.353"></status>
</kw>
<kw name="Wait Until Page Contains Element" library="Selenium2Library">
<doc>Waits until element ``locator`` appears on current page.</doc>
<arguments>
<arg>${wood_退出登录}</arg>
</arguments>
<status status="PASS" starttime="20190331 16:46:27.353" endtime="20190331 16:46:27.963"></status>
</kw>
<kw name="Click Element" library="Selenium2Library">
<doc>Click element identified by ``locator``.</doc>
<arguments>
<arg>${wood_代码模式}</arg>
</arguments>
<msg timestamp="20190331 16:46:27.964" level="INFO">Clicking element 'xpath=//div[text()='代码模式']'.</msg>
<status status="PASS" starttime="20190331 16:46:27.964" endtime="20190331 16:46:29.237"></status>
</kw>
<kw name="Sleep" library="BuiltIn">
<doc>Pauses the test executed for the given time.</doc>
<arguments>
<arg>0.5</arg>
</arguments>
<msg timestamp="20190331 16:46:29.738" level="INFO">Slept 500 milliseconds</msg>
<status status="PASS" starttime="20190331 16:46:29.238" endtime="20190331 16:46:29.738"></status>
</kw>
<kw name="Mouse Over" library="Selenium2Library">
<doc>Simulates hovering mouse over the element ``locator``.</doc>
<arguments>
<arg>${wood_文件}</arg>
</arguments>
<msg timestamp="20190331 16:46:29.740" level="INFO">Simulating Mouse Over on element 'xpath=//*[@id="root"]//div[@style='padding-right: 0px;']'.</msg>
<status status="PASS" starttime="20190331 16:46:29.739" endtime="20190331 16:46:31.006"></status>
</kw>
<kw name="Click Element" library="Selenium2Library">
<doc>Click element identified by ``locator``.</doc>
<arguments>
<arg>${wood_文件_打开}</arg>
</arguments>
<msg timestamp="20190331 16:46:31.008" level="INFO">Clicking element 'xpath=//div[text()='打开']'.</msg>
<status status="PASS" starttime="20190331 16:46:31.007" endtime="20190331 16:46:32.340"></status>
</kw>
<kw name="Sleep" library="BuiltIn">
<doc>Pauses the test executed for the given time.</doc>
<arguments>
<arg>0.5</arg>
</arguments>
<msg timestamp="20190331 16:46:32.842" level="INFO">Slept 500 milliseconds</msg>
<status status="PASS" starttime="20190331 16:46:32.341" endtime="20190331 16:46:32.843"></status>
</kw>
<kw name="Get Text" library="Selenium2Library">
<doc>Returns the text value of element identified by ``locator``.</doc>
<arguments>
<arg>${wood_打开文件_框框2作品名称}</arg>
</arguments>
<assign>
<var>${test_zpm02}</var>
</assign>
<msg timestamp="20190331 16:46:34.122" level="INFO">${test_zpm02} = 识别年龄1</msg>
<status status="PASS" starttime="20190331 16:46:32.843" endtime="20190331 16:46:34.122"></status>
</kw>
<kw name="Get Text" library="Selenium2Library">
<doc>Returns the text value of element identified by ``locator``.</doc>
<arguments>
<arg>${wood_打开文件_框框3作品名称}</arg>
</arguments>
<assign>
<var>${test_zpm03}</var>
</assign>
<msg timestamp="20190331 16:46:35.409" level="INFO">${test_zpm03} = kobe_bryant640...</msg>
<status status="PASS" starttime="20190331 16:46:34.123" endtime="20190331 16:46:35.409"></status>
</kw>
<kw name="Click Element" library="Selenium2Library">
<doc>Click element identified by ``locator``.</doc>
<arguments>
<arg>${wood_打开文件_框框3}</arg>
</arguments>
<msg timestamp="20190331 16:46:35.411" level="INFO">Clicking element 'xpath=//div[4]/div[1]/div/div[2]/div[3]/span[1]'.</msg>
<status status="PASS" starttime="20190331 16:46:35.410" endtime="20190331 16:46:36.732"></status>
</kw>
<kw name="Sleep" library="BuiltIn">
<doc>Pauses the test executed for the given time.</doc>
<arguments>
<arg>0.5</arg>
</arguments>
<msg timestamp="20190331 16:46:37.235" level="INFO">Slept 500 milliseconds</msg>
<status status="PASS" starttime="20190331 16:46:36.733" endtime="20190331 16:46:37.236"></status>
</kw>
<kw name="Get Value" library="Selenium2Library">
<doc>Returns the value attribute of element identified by ``locator``.</doc>
<arguments>
<arg>${wood_作品名称}</arg>
</arguments>
<assign>
<var>${test_zpm}</var>
</assign>
<msg timestamp="20190331 16:46:38.486" level="INFO">${test_zpm} = kobe_bryant64052</msg>
<status status="PASS" starttime="20190331 16:46:37.237" endtime="20190331 16:46:38.486"></status>
</kw>
<kw name="Should Be Equal" library="BuiltIn">
<doc>Fails if the given objects are unequal.</doc>
<arguments>
<arg>${test_zpm[0:8]}</arg>
<arg>${test_zpm03[0:8]}</arg>
</arguments>
<status status="PASS" starttime="20190331 16:46:38.487" endtime="20190331 16:46:38.489"></status>
</kw>
<kw name="Click Element" library="Selenium2Library">
<doc>Click element identified by ``locator``.</doc>
<arguments>
<arg>${wood_保存按钮}</arg>
</arguments>
<msg timestamp="20190331 16:46:38.490" level="INFO">Clicking element 'xpath=//div[text()='保存']'.</msg>
<status status="PASS" starttime="20190331 16:46:38.489" endtime="20190331 16:46:39.853"></status>
</kw>
<kw name="Sleep" library="BuiltIn">
<doc>Pauses the test executed for the given time.</doc>
<arguments>
<arg>1</arg>
</arguments>
<msg timestamp="20190331 16:46:40.855" level="INFO">Slept 1 second</msg>
<status status="PASS" starttime="20190331 16:46:39.854" endtime="20190331 16:46:40.856"></status>
</kw>
<kw name="Mouse Over" library="Selenium2Library">
<doc>Simulates hovering mouse over the element ``locator``.</doc>
<arguments>
<arg>${wood_文件}</arg>
</arguments>
<msg timestamp="20190331 16:46:40.857" level="INFO">Simulating Mouse Over on element 'xpath=//*[@id="root"]//div[@style='padding-right: 0px;']'.</msg>
<status status="PASS" starttime="20190331 16:46:40.856" endtime="20190331 16:46:42.114"></status>
</kw>
<kw name="Click Element" library="Selenium2Library">
<doc>Click element identified by ``locator``.</doc>
<arguments>
<arg>${wood_文件_打开}</arg>
</arguments>
<msg timestamp="20190331 16:46:42.116" level="INFO">Clicking element 'xpath=//div[text()='打开']'.</msg>
<status status="PASS" starttime="20190331 16:46:42.115" endtime="20190331 16:46:43.468"></status>
</kw>
<kw name="Sleep" library="BuiltIn">
<doc>Pauses the test executed for the given time.</doc>
<arguments>
<arg>0.5</arg>
</arguments>
<msg timestamp="20190331 16:46:43.970" level="INFO">Slept 500 milliseconds</msg>
<status status="PASS" starttime="20190331 16:46:43.469" endtime="20190331 16:46:43.970"></status>
</kw>
<kw name="Element Text Should Be" library="Selenium2Library">
<doc>Verifies that element ``locator`` contains exact text ``expected``.</doc>
<arguments>
<arg>${wood_打开文件_框框2作品名称}</arg>
<arg>${test_zpm03}</arg>
</arguments>
<msg timestamp="20190331 16:46:43.972" level="INFO">Verifying element 'xpath=//div[4]/div[1]/div/div[2]/div[2]/div/span[1]' contains exact text 'kobe_bryant640...'.</msg>
<status status="PASS" starttime="20190331 16:46:43.971" endtime="20190331 16:46:45.216"></status>
</kw>
<kw name="Click Element" library="Selenium2Library">
<doc>Click element identified by ``locator``.</doc>
<arguments>
<arg>${wood_打开文件_close}</arg>
</arguments>
<msg timestamp="20190331 16:46:45.218" level="INFO">Clicking element 'xpath=//span[text()='打开文件']//preceding-sibling::span'.</msg>
<status status="PASS" starttime="20190331 16:46:45.217" endtime="20190331 16:46:46.537"></status>
</kw>
<kw name="Sleep" library="BuiltIn">
<doc>Pauses the test executed for the given time.</doc>
<arguments>
<arg>0.2</arg>
</arguments>
<msg timestamp="20190331 16:46:46.739" level="INFO">Slept 200 milliseconds</msg>
<status status="PASS" starttime="20190331 16:46:46.538" endtime="20190331 16:46:46.740"></status>
</kw>
<kw name="Click Element" library="Selenium2Library">
<doc>Click element identified by ``locator``.</doc>
<arguments>
<arg>${wood_积木模式}</arg>
</arguments>
<msg timestamp="20190331 16:46:46.741" level="INFO">Clicking element 'xpath=//div[text()='积木模式']'.</msg>
<status status="PASS" starttime="20190331 16:46:46.741" endtime="20190331 16:46:48.085"></status>
</kw>
<kw name="Sleep" library="BuiltIn">
<doc>Pauses the test executed for the given time.</doc>
<arguments>
<arg>0.5</arg>
</arguments>
<msg timestamp="20190331 16:46:48.588" level="INFO">Slept 500 milliseconds</msg>
<status status="PASS" starttime="20190331 16:46:48.086" endtime="20190331 16:46:48.588"></status>
</kw>
<kw name="Mouse Over" library="Selenium2Library">
<doc>Simulates hovering mouse over the element ``locator``.</doc>
<arguments>
<arg>${wood_文件}</arg>
</arguments>
<msg timestamp="20190331 16:46:48.590" level="INFO">Simulating Mouse Over on element 'xpath=//*[@id="root"]//div[@style='padding-right: 0px;']'.</msg>
<status status="PASS" starttime="20190331 16:46:48.589" endtime="20190331 16:46:49.855"></status>
</kw>
<kw name="Click Element" library="Selenium2Library">
<doc>Click element identified by ``locator``.</doc>
<arguments>
<arg>${wood_文件_打开}</arg>
</arguments>
<msg timestamp="20190331 16:46:49.857" level="INFO">Clicking element 'xpath=//div[text()='打开']'.</msg>
<status status="PASS" starttime="20190331 16:46:49.856" endtime="20190331 16:46:51.173"></status>
</kw>
<kw name="Sleep" library="BuiltIn">
<doc>Pauses the test executed for the given time.</doc>
<arguments>
<arg>0.5</arg>
</arguments>
<msg timestamp="20190331 16:46:51.677" level="INFO">Slept 500 milliseconds</msg>
<status status="PASS" starttime="20190331 16:46:51.174" endtime="20190331 16:46:51.677"></status>
</kw>
<kw name="Get Text" library="Selenium2Library">
<doc>Returns the text value of element identified by ``locator``.</doc>
<arguments>
<arg>${wood_打开文件_框框2作品名称}</arg>
</arguments>
<assign>
<var>${test_zpm02}</var>
</assign>
<msg timestamp="20190331 16:46:52.943" level="INFO">${test_zpm02} = kobe_bryant640...</msg>
<status status="PASS" starttime="20190331 16:46:51.678" endtime="20190331 16:46:52.943"></status>
</kw>
<kw name="Get Text" library="Selenium2Library">
<doc>Returns the text value of element identified by ``locator``.</doc>
<arguments>
<arg>${wood_打开文件_框框3作品名称}</arg>
</arguments>
<assign>
<var>${test_zpm03}</var>
</assign>
<msg timestamp="20190331 16:46:54.208" level="INFO">${test_zpm03} = 识别年龄1</msg>
<status status="PASS" starttime="20190331 16:46:52.944" endtime="20190331 16:46:54.208"></status>
</kw>
<kw name="Click Element" library="Selenium2Library">
<doc>Click element identified by ``locator``.</doc>
<arguments>
<arg>${wood_打开文件_框框3}</arg>
</arguments>
<msg timestamp="20190331 16:46:54.210" level="INFO">Clicking element 'xpath=//div[4]/div[1]/div/div[2]/div[3]/span[1]'.</msg>
<status status="PASS" starttime="20190331 16:46:54.209" endtime="20190331 16:46:55.512"></status>
</kw>
<kw name="Sleep" library="BuiltIn">
<doc>Pauses the test executed for the given time.</doc>
<arguments>
<arg>0.5</arg>
</arguments>
<msg timestamp="20190331 16:46:56.014" level="INFO">Slept 500 milliseconds</msg>
<status status="PASS" starttime="20190331 16:46:55.513" endtime="20190331 16:46:56.015"></status>
</kw>
<kw name="Get Value" library="Selenium2Library">
<doc>Returns the value attribute of element identified by ``locator``.</doc>
<arguments>
<arg>${wood_作品名称}</arg>
</arguments>
<assign>
<var>${test_zpm}</var>
</assign>
<msg timestamp="20190331 16:46:57.249" level="INFO">${test_zpm} = 识别年龄1</msg>
<status status="PASS" starttime="20190331 16:46:56.016" endtime="20190331 16:46:57.249"></status>
</kw>
<kw name="Should Contain" library="BuiltIn">
<doc>Fails if ``container`` does not contain ``item`` one or more times.</doc>
<arguments>
<arg>${test_zpm}</arg>
<arg>${test_zpm03}</arg>
</arguments>
<status status="PASS" starttime="20190331 16:46:57.251" endtime="20190331 16:46:57.252"></status>
</kw>
<kw name="Click Element" library="Selenium2Library">
<doc>Click element identified by ``locator``.</doc>
<arguments>
<arg>${wood_保存按钮}</arg>
</arguments>
<msg timestamp="20190331 16:46:57.254" level="INFO">Clicking element 'xpath=//div[text()='保存']'.</msg>
<status status="PASS" starttime="20190331 16:46:57.253" endtime="20190331 16:46:58.552"></status>
</kw>
<kw name="Sleep" library="BuiltIn">
<doc>Pauses the test executed for the given time.</doc>
<arguments>
<arg>1</arg>
</arguments>
<msg timestamp="20190331 16:46:59.554" level="INFO">Slept 1 second</msg>
<status status="PASS" starttime="20190331 16:46:58.553" endtime="20190331 16:46:59.555"></status>
</kw>
<kw name="Mouse Over" library="Selenium2Library">
<doc>Simulates hovering mouse over the element ``locator``.</doc>
<arguments>
<arg>${wood_文件}</arg>
</arguments>
<msg timestamp="20190331 16:46:59.557" level="INFO">Simulating Mouse Over on element 'xpath=//*[@id="root"]//div[@style='padding-right: 0px;']'.</msg>
<status status="PASS" starttime="20190331 16:46:59.556" endtime="20190331 16:47:00.812"></status>
</kw>
<kw name="Click Element" library="Selenium2Library">
<doc>Click element identified by ``locator``.</doc>
<arguments>
<arg>${wood_文件_打开}</arg>
</arguments>
<msg timestamp="20190331 16:47:00.814" level="INFO">Clicking element 'xpath=//div[text()='打开']'.</msg>
<status status="PASS" starttime="20190331 16:47:00.813" endtime="20190331 16:47:02.125"></status>
</kw>
<kw name="Sleep" library="BuiltIn">
<doc>Pauses the test executed for the given time.</doc>
<arguments>
<arg>0.5</arg>
</arguments>
<msg timestamp="20190331 16:47:02.627" level="INFO">Slept 500 milliseconds</msg>
<status status="PASS" starttime="20190331 16:47:02.126" endtime="20190331 16:47:02.627"></status>
</kw>
<kw name="Element Text Should Be" library="Selenium2Library">
<doc>Verifies that element ``locator`` contains exact text ``expected``.</doc>
<arguments>
<arg>${wood_打开文件_框框2作品名称}</arg>
<arg>${test_zpm03}</arg>
</arguments>
<msg timestamp="20190331 16:47:02.629" level="INFO">Verifying element 'xpath=//div[4]/div[1]/div/div[2]/div[2]/div/span[1]' contains exact text '识别年龄1'.</msg>
<status status="PASS" starttime="20190331 16:47:02.628" endtime="20190331 16:47:03.889"></status>
</kw>
<kw name="Teardown" library="wood_resource" type="teardown">
<kw name="Close All Browsers" library="Selenium2Library">
<doc>Closes all open browsers and resets the browser cache.</doc>
<status status="PASS" starttime="20190331 16:47:03.892" endtime="20190331 16:47:06.560"></status>
</kw>
<status status="PASS" starttime="20190331 16:47:03.890" endtime="20190331 16:47:06.561"></status>
</kw>
<tags>
<tag>fail</tag>
</tags>
<status status="PASS" starttime="20190331 16:46:09.320" endtime="20190331 16:47:06.561" critical="yes"></status>
</test>
<status status="PASS" starttime="20190331 16:46:09.104" endtime="20190331 16:47:06.565"></status>
</suite>
<statistics>
<total>
<stat pass="1" fail="0">Critical Tests</stat>
<stat pass="1" fail="0">All Tests</stat>
</total>
<tag>
<stat pass="1" fail="0">fail</stat>
</tag>
<suite>
<stat pass="1" fail="0" id="s1" name="Suite01 Header">Suite01 Header</stat>
</suite>
</statistics>
<errors>
</errors>
</robot>
