<?xml version="1.0" encoding="UTF-8"?>
<robot generated="20190403 14:55:22.855" generator="Robot 3.0.4 (Python 2.7.14 on win32)">
<suite source="C:\Users\ChenBolin\Desktop\Wood_-\hex_wood\Suite01_Header.robot" id="s1" name="Suite01 Header">
<test id="s1-t1" name="button_file_search">
<kw type="setup" name="open_bs" library="hex_resource">
<kw name="Open Browser" library="Selenium2Library">
<doc>Opens a new browser instance to the given ``url``.</doc>
<arguments>
<arg>${wood_hex_URL}</arg>
<arg>${test_browser}</arg>
</arguments>
<msg timestamp="20190403 14:55:23.117" level="INFO">Opening browser 'chrome' to base url 'https://wood.codemao.cn/?editor_mode=1'.</msg>
<status status="PASS" endtime="20190403 14:55:40.005" starttime="20190403 14:55:23.117"></status>
</kw>
<kw name="Maximize Browser Window" library="Selenium2Library">
<doc>Maximizes current browser window.</doc>
<status status="PASS" endtime="20190403 14:55:46.026" starttime="20190403 14:55:40.005"></status>
</kw>
<kw name="Set Selenium Speed" library="Selenium2Library">
<doc>Sets the delay that is waited after each Selenium command.</doc>
<arguments>
<arg>.2 seconds</arg>
</arguments>
<status status="PASS" endtime="20190403 14:55:46.027" starttime="20190403 14:55:46.026"></status>
</kw>
<kw name="Set Browser Implicit Wait" library="Selenium2Library">
<doc>Sets the implicit wait value used by Selenium.</doc>
<arguments>
<arg>10 seconds</arg>
</arguments>
<status status="PASS" endtime="20190403 14:55:46.228" starttime="20190403 14:55:46.027"></status>
</kw>
<kw name="Element Should Contain" library="Selenium2Library">
<doc>Verifies that element ``locator`` contains text ``expected``.</doc>
<arguments>
<arg>${login_入口}</arg>
<arg>未登录</arg>
</arguments>
<kw name="Capture Page Screenshot" library="Selenium2Library">
<doc>Takes screenshot of the current page and embeds it into log file.</doc>
<msg timestamp="20190403 14:55:46.234" level="FAIL">NoSuchWindowException: Message: no such window: target window already closed
from unknown error: web view not found
  (Session info: chrome=73.0.3683.86)
  (Driver info: chromedriver=2.36.540470 (e522d04694c7ebea4ba8821272dbef4f9b818c91),platform=Windows NT 10.0.17134 x86_64)
</msg>
<status status="FAIL" endtime="20190403 14:55:46.235" starttime="20190403 14:55:46.230"></status>
</kw>
<msg timestamp="20190403 14:55:46.235" level="WARN">Keyword 'Capture Page Screenshot' could not be run on failure: NoSuchWindowException: Message: no such window: target window already closed
from unknown error: web view not found
  (Session info: chrome=73.0.3683.86)
  (Driver info: chromedriver=2.36.540470 (e522d04694c7ebea4ba8821272dbef4f9b818c91),platform=Windows NT 10.0.17134 x86_64)
</msg>
<msg timestamp="20190403 14:55:46.236" level="FAIL">NoSuchWindowException: Message: no such window: target window already closed
from unknown error: web view not found
  (Session info: chrome=73.0.3683.86)
  (Driver info: chromedriver=2.36.540470 (e522d04694c7ebea4ba8821272dbef4f9b818c91),platform=Windows NT 10.0.17134 x86_64)
</msg>
<status status="FAIL" endtime="20190403 14:55:46.236" starttime="20190403 14:55:46.228"></status>
</kw>
<status status="FAIL" endtime="20190403 14:55:46.236" starttime="20190403 14:55:23.115"></status>
</kw>
<kw type="teardown" name="Teardown" library="hex_resource">
<kw name="Close All Browsers" library="Selenium2Library">
<doc>Closes all open browsers and resets the browser cache.</doc>
<status status="PASS" endtime="20190403 14:55:49.447" starttime="20190403 14:55:46.237"></status>
</kw>
<status status="PASS" endtime="20190403 14:55:49.447" starttime="20190403 14:55:46.237"></status>
</kw>
<status status="FAIL" endtime="20190403 14:55:49.447" critical="yes" starttime="20190403 14:55:23.114">Setup failed:
NoSuchWindowException: Message: no such window: target window already closed
from unknown error: web view not found
  (Session info: chrome=73.0.3683.86)
  (Driver info: chromedriver=2.36.540470 (e522d04694c7ebea4ba8821272dbef4f9b818c91),platform=Windows NT 10.0.17134 x86_64)
</status>
</test>
<status status="FAIL" endtime="20190403 14:55:49.448" starttime="20190403 14:55:22.858"></status>
</suite>
<statistics>
<total>
<stat fail="1" pass="0">Critical Tests</stat>
<stat fail="1" pass="0">All Tests</stat>
</total>
<tag>
</tag>
<suite>
<stat fail="1" id="s1" name="Suite01 Header" pass="0">Suite01 Header</stat>
</suite>
</statistics>
<errors>
<msg timestamp="20190403 14:55:46.235" level="WARN">Keyword 'Capture Page Screenshot' could not be run on failure: NoSuchWindowException: Message: no such window: target window already closed
from unknown error: web view not found
  (Session info: chrome=73.0.3683.86)
  (Driver info: chromedriver=2.36.540470 (e522d04694c7ebea4ba8821272dbef4f9b818c91),platform=Windows NT 10.0.17134 x86_64)
</msg>
</errors>
</robot>
